INFO [2024-08-06 12:58:51] $x
INFO [2024-08-06 12:58:51] condition_lists
INFO [2024-08-06 12:58:51] 
INFO [2024-08-06 12:58:51] $category.names
INFO [2024-08-06 12:58:51] venn_bubble_names
INFO [2024-08-06 12:58:51] 
INFO [2024-08-06 12:58:51] $filename
INFO [2024-08-06 12:58:51] NULL
INFO [2024-08-06 12:58:51] 
INFO [2024-08-06 12:58:51] $col
INFO [2024-08-06 12:58:51] custom_palette
INFO [2024-08-06 12:58:51] 
INFO [2024-08-06 12:58:51] $fill
INFO [2024-08-06 12:58:51] custom_palette
INFO [2024-08-06 12:58:51] 
INFO [2024-08-06 12:58:51] $alpha
INFO [2024-08-06 12:58:51] [1] 0.5
INFO [2024-08-06 12:58:51] 
INFO [2024-08-06 12:58:51] $margin
INFO [2024-08-06 12:58:51] [1] 0.1
INFO [2024-08-06 12:58:51] 
INFO [2024-08-06 12:58:51] $fontfamily
INFO [2024-08-06 12:58:51] [1] "sans"
INFO [2024-08-06 12:58:51] 
INFO [2024-08-06 12:58:51] $fontface
INFO [2024-08-06 12:58:51] [1] "bold"
INFO [2024-08-06 12:58:51] 
INFO [2024-08-06 12:58:51] $cat.fontsize
INFO [2024-08-06 12:58:51] [1] 20
INFO [2024-08-06 12:58:51] 
INFO [2024-08-06 12:58:51] $cex
INFO [2024-08-06 12:58:51] [1] 2.5
INFO [2024-08-06 12:58:51] 
INFO [2024-08-06 12:58:51] $cat.cex
INFO [2024-08-06 12:58:51] [1] 2.5
INFO [2024-08-06 12:58:51] 
INFO [2024-08-06 12:58:51] $cat.fontfamily
INFO [2024-08-06 12:58:51] [1] "sans"
INFO [2024-08-06 12:58:51] 
INFO [2024-08-06 12:58:51] $cat.fontface
INFO [2024-08-06 12:58:51] [1] "bold"
INFO [2024-08-06 12:58:51] 
