INFO [2024-05-02 21:49:30] $x
INFO [2024-05-02 21:49:30] condition_lists
INFO [2024-05-02 21:49:30] 
INFO [2024-05-02 21:49:30] $category.names
INFO [2024-05-02 21:49:30] venn_bubble_names
INFO [2024-05-02 21:49:30] 
INFO [2024-05-02 21:49:30] $filename
INFO [2024-05-02 21:49:30] NULL
INFO [2024-05-02 21:49:30] 
INFO [2024-05-02 21:49:30] $col
INFO [2024-05-02 21:49:30] custom_palette
INFO [2024-05-02 21:49:30] 
INFO [2024-05-02 21:49:30] $fill
INFO [2024-05-02 21:49:30] custom_palette
INFO [2024-05-02 21:49:30] 
INFO [2024-05-02 21:49:30] $alpha
INFO [2024-05-02 21:49:30] [1] 0.5
INFO [2024-05-02 21:49:30] 
INFO [2024-05-02 21:49:30] $margin
INFO [2024-05-02 21:49:30] [1] 0.1
INFO [2024-05-02 21:49:30] 
INFO [2024-05-02 21:49:30] $fontfamily
INFO [2024-05-02 21:49:30] [1] "Helvetica"
INFO [2024-05-02 21:49:30] 
INFO [2024-05-02 21:49:30] $fontface
INFO [2024-05-02 21:49:30] [1] "bold"
INFO [2024-05-02 21:49:30] 
INFO [2024-05-02 21:49:30] $cat.fontsize
INFO [2024-05-02 21:49:30] [1] 20
INFO [2024-05-02 21:49:30] 
INFO [2024-05-02 21:49:30] $cex
INFO [2024-05-02 21:49:30] [1] 1.5
INFO [2024-05-02 21:49:30] 
INFO [2024-05-02 21:49:30] $cat.cex
INFO [2024-05-02 21:49:30] [1] 2
INFO [2024-05-02 21:49:30] 
INFO [2024-05-02 21:49:30] $cat.fontfamily
INFO [2024-05-02 21:49:30] [1] "Helvetica"
INFO [2024-05-02 21:49:30] 
INFO [2024-05-02 21:49:30] $cat.fontface
INFO [2024-05-02 21:49:30] [1] "bold"
INFO [2024-05-02 21:49:30] 
