INFO [2024-05-09 23:08:38] $x
INFO [2024-05-09 23:08:38] condition_lists
INFO [2024-05-09 23:08:38] 
INFO [2024-05-09 23:08:38] $category.names
INFO [2024-05-09 23:08:38] venn_bubble_names
INFO [2024-05-09 23:08:38] 
INFO [2024-05-09 23:08:38] $filename
INFO [2024-05-09 23:08:38] NULL
INFO [2024-05-09 23:08:38] 
INFO [2024-05-09 23:08:38] $col
INFO [2024-05-09 23:08:38] custom_palette
INFO [2024-05-09 23:08:38] 
INFO [2024-05-09 23:08:38] $fill
INFO [2024-05-09 23:08:38] custom_palette
INFO [2024-05-09 23:08:38] 
INFO [2024-05-09 23:08:38] $alpha
INFO [2024-05-09 23:08:38] [1] 0.5
INFO [2024-05-09 23:08:38] 
INFO [2024-05-09 23:08:38] $margin
INFO [2024-05-09 23:08:38] [1] 0.1
INFO [2024-05-09 23:08:38] 
INFO [2024-05-09 23:08:38] $fontfamily
INFO [2024-05-09 23:08:38] [1] "sans"
INFO [2024-05-09 23:08:38] 
INFO [2024-05-09 23:08:38] $fontface
INFO [2024-05-09 23:08:38] [1] "bold"
INFO [2024-05-09 23:08:38] 
INFO [2024-05-09 23:08:38] $cat.fontsize
INFO [2024-05-09 23:08:38] [1] 20
INFO [2024-05-09 23:08:38] 
INFO [2024-05-09 23:08:38] $cex
INFO [2024-05-09 23:08:38] [1] 2.5
INFO [2024-05-09 23:08:38] 
INFO [2024-05-09 23:08:38] $cat.cex
INFO [2024-05-09 23:08:38] [1] 2.5
INFO [2024-05-09 23:08:38] 
INFO [2024-05-09 23:08:38] $cat.fontfamily
INFO [2024-05-09 23:08:38] [1] "sans"
INFO [2024-05-09 23:08:38] 
INFO [2024-05-09 23:08:38] $cat.fontface
INFO [2024-05-09 23:08:38] [1] "bold"
INFO [2024-05-09 23:08:38] 
