INFO [2024-05-02 22:26:07] $x
INFO [2024-05-02 22:26:07] condition_lists
INFO [2024-05-02 22:26:07] 
INFO [2024-05-02 22:26:07] $category.names
INFO [2024-05-02 22:26:07] venn_bubble_names
INFO [2024-05-02 22:26:07] 
INFO [2024-05-02 22:26:07] $filename
INFO [2024-05-02 22:26:07] NULL
INFO [2024-05-02 22:26:07] 
INFO [2024-05-02 22:26:07] $col
INFO [2024-05-02 22:26:07] custom_palette
INFO [2024-05-02 22:26:07] 
INFO [2024-05-02 22:26:07] $fill
INFO [2024-05-02 22:26:07] custom_palette
INFO [2024-05-02 22:26:07] 
INFO [2024-05-02 22:26:07] $alpha
INFO [2024-05-02 22:26:07] [1] 0.5
INFO [2024-05-02 22:26:07] 
INFO [2024-05-02 22:26:07] $margin
INFO [2024-05-02 22:26:07] [1] 0.1
INFO [2024-05-02 22:26:07] 
INFO [2024-05-02 22:26:07] $fontfamily
INFO [2024-05-02 22:26:07] [1] "sans"
INFO [2024-05-02 22:26:07] 
INFO [2024-05-02 22:26:07] $fontface
INFO [2024-05-02 22:26:07] [1] "bold"
INFO [2024-05-02 22:26:07] 
INFO [2024-05-02 22:26:07] $cat.fontsize
INFO [2024-05-02 22:26:07] [1] 35
INFO [2024-05-02 22:26:07] 
INFO [2024-05-02 22:26:07] $cex
INFO [2024-05-02 22:26:07] [1] 1.5
INFO [2024-05-02 22:26:07] 
INFO [2024-05-02 22:26:07] $cat.fontfamily
INFO [2024-05-02 22:26:07] [1] "sans"
INFO [2024-05-02 22:26:07] 
INFO [2024-05-02 22:26:07] $cat.fontface
INFO [2024-05-02 22:26:07] [1] "bold"
INFO [2024-05-02 22:26:07] 
