INFO [2024-05-02 22:06:10] $x
INFO [2024-05-02 22:06:10] condition_lists
INFO [2024-05-02 22:06:10] 
INFO [2024-05-02 22:06:10] $category.names
INFO [2024-05-02 22:06:10] venn_bubble_names
INFO [2024-05-02 22:06:10] 
INFO [2024-05-02 22:06:10] $filename
INFO [2024-05-02 22:06:10] NULL
INFO [2024-05-02 22:06:10] 
INFO [2024-05-02 22:06:10] $col
INFO [2024-05-02 22:06:10] custom_palette
INFO [2024-05-02 22:06:10] 
INFO [2024-05-02 22:06:10] $fill
INFO [2024-05-02 22:06:10] custom_palette
INFO [2024-05-02 22:06:10] 
INFO [2024-05-02 22:06:10] $alpha
INFO [2024-05-02 22:06:10] [1] 0.5
INFO [2024-05-02 22:06:10] 
INFO [2024-05-02 22:06:10] $margin
INFO [2024-05-02 22:06:10] [1] 0.1
INFO [2024-05-02 22:06:10] 
INFO [2024-05-02 22:06:10] $fontfamily
INFO [2024-05-02 22:06:10] [1] "sans"
INFO [2024-05-02 22:06:10] 
INFO [2024-05-02 22:06:10] $fontface
INFO [2024-05-02 22:06:10] [1] "bold"
INFO [2024-05-02 22:06:10] 
INFO [2024-05-02 22:06:10] $cat.fontsize
INFO [2024-05-02 22:06:10] [1] 20
INFO [2024-05-02 22:06:10] 
INFO [2024-05-02 22:06:10] $cex
INFO [2024-05-02 22:06:10] [1] 1.5
INFO [2024-05-02 22:06:10] 
