INFO [2024-05-09 23:20:05] $x
INFO [2024-05-09 23:20:05] condition_lists
INFO [2024-05-09 23:20:05] 
INFO [2024-05-09 23:20:05] $category.names
INFO [2024-05-09 23:20:05] venn_bubble_names
INFO [2024-05-09 23:20:05] 
INFO [2024-05-09 23:20:05] $filename
INFO [2024-05-09 23:20:05] NULL
INFO [2024-05-09 23:20:05] 
INFO [2024-05-09 23:20:05] $col
INFO [2024-05-09 23:20:05] custom_palette
INFO [2024-05-09 23:20:05] 
INFO [2024-05-09 23:20:05] $fill
INFO [2024-05-09 23:20:05] custom_palette
INFO [2024-05-09 23:20:05] 
INFO [2024-05-09 23:20:05] $alpha
INFO [2024-05-09 23:20:05] [1] 0.5
INFO [2024-05-09 23:20:05] 
INFO [2024-05-09 23:20:05] $margin
INFO [2024-05-09 23:20:05] [1] 0.1
INFO [2024-05-09 23:20:05] 
INFO [2024-05-09 23:20:05] $fontfamily
INFO [2024-05-09 23:20:05] [1] "sans"
INFO [2024-05-09 23:20:05] 
INFO [2024-05-09 23:20:05] $fontface
INFO [2024-05-09 23:20:05] [1] "bold"
INFO [2024-05-09 23:20:05] 
INFO [2024-05-09 23:20:05] $cat.fontsize
INFO [2024-05-09 23:20:05] [1] 20
INFO [2024-05-09 23:20:05] 
INFO [2024-05-09 23:20:05] $cex
INFO [2024-05-09 23:20:05] [1] 2.5
INFO [2024-05-09 23:20:05] 
INFO [2024-05-09 23:20:05] $cat.cex
INFO [2024-05-09 23:20:05] [1] 2.5
INFO [2024-05-09 23:20:05] 
INFO [2024-05-09 23:20:05] $cat.fontfamily
INFO [2024-05-09 23:20:05] [1] "sans"
INFO [2024-05-09 23:20:05] 
INFO [2024-05-09 23:20:05] $cat.fontface
INFO [2024-05-09 23:20:05] [1] "bold"
INFO [2024-05-09 23:20:05] 
