INFO [2024-09-12 18:22:13] $x
INFO [2024-09-12 18:22:13] condition_lists
INFO [2024-09-12 18:22:13] 
INFO [2024-09-12 18:22:13] $category.names
INFO [2024-09-12 18:22:13] venn_bubble_names
INFO [2024-09-12 18:22:13] 
INFO [2024-09-12 18:22:13] $filename
INFO [2024-09-12 18:22:13] NULL
INFO [2024-09-12 18:22:13] 
INFO [2024-09-12 18:22:13] $col
INFO [2024-09-12 18:22:13] custom_palette
INFO [2024-09-12 18:22:13] 
INFO [2024-09-12 18:22:13] $fill
INFO [2024-09-12 18:22:13] custom_palette
INFO [2024-09-12 18:22:13] 
INFO [2024-09-12 18:22:13] $alpha
INFO [2024-09-12 18:22:13] [1] 0.5
INFO [2024-09-12 18:22:13] 
INFO [2024-09-12 18:22:13] $margin
INFO [2024-09-12 18:22:13] [1] 0.1
INFO [2024-09-12 18:22:13] 
INFO [2024-09-12 18:22:13] $fontfamily
INFO [2024-09-12 18:22:13] [1] "sans"
INFO [2024-09-12 18:22:13] 
INFO [2024-09-12 18:22:13] $fontface
INFO [2024-09-12 18:22:13] [1] "bold"
INFO [2024-09-12 18:22:13] 
INFO [2024-09-12 18:22:13] $cat.fontsize
INFO [2024-09-12 18:22:13] [1] 40
INFO [2024-09-12 18:22:13] 
INFO [2024-09-12 18:22:13] $cex
INFO [2024-09-12 18:22:13] [1] 4
INFO [2024-09-12 18:22:13] 
INFO [2024-09-12 18:22:13] $cat.cex
INFO [2024-09-12 18:22:13] [1] 5
INFO [2024-09-12 18:22:13] 
INFO [2024-09-12 18:22:13] $cat.fontfamily
INFO [2024-09-12 18:22:13] [1] "sans"
INFO [2024-09-12 18:22:13] 
INFO [2024-09-12 18:22:13] $cat.fontface
INFO [2024-09-12 18:22:13] [1] "bold"
INFO [2024-09-12 18:22:13] 
INFO [2024-09-12 18:22:13] $cat.dist
INFO [2024-09-12 18:22:13] rep(cat.dist.value, num_conditions)
INFO [2024-09-12 18:22:13] 
