INFO [2024-05-22 00:39:47] $x
INFO [2024-05-22 00:39:47] condition_lists
INFO [2024-05-22 00:39:47] 
INFO [2024-05-22 00:39:47] $category.names
INFO [2024-05-22 00:39:47] venn_bubble_names
INFO [2024-05-22 00:39:47] 
INFO [2024-05-22 00:39:47] $filename
INFO [2024-05-22 00:39:47] NULL
INFO [2024-05-22 00:39:47] 
INFO [2024-05-22 00:39:47] $col
INFO [2024-05-22 00:39:47] custom_palette
INFO [2024-05-22 00:39:47] 
INFO [2024-05-22 00:39:47] $fill
INFO [2024-05-22 00:39:47] custom_palette
INFO [2024-05-22 00:39:47] 
INFO [2024-05-22 00:39:47] $alpha
INFO [2024-05-22 00:39:47] [1] 0.5
INFO [2024-05-22 00:39:47] 
INFO [2024-05-22 00:39:47] $margin
INFO [2024-05-22 00:39:47] [1] 0.1
INFO [2024-05-22 00:39:47] 
INFO [2024-05-22 00:39:47] $fontfamily
INFO [2024-05-22 00:39:47] [1] "sans"
INFO [2024-05-22 00:39:47] 
INFO [2024-05-22 00:39:47] $fontface
INFO [2024-05-22 00:39:47] [1] "bold"
INFO [2024-05-22 00:39:47] 
INFO [2024-05-22 00:39:47] $cat.fontsize
INFO [2024-05-22 00:39:47] [1] 20
INFO [2024-05-22 00:39:47] 
INFO [2024-05-22 00:39:47] $cex
INFO [2024-05-22 00:39:47] [1] 2.5
INFO [2024-05-22 00:39:47] 
INFO [2024-05-22 00:39:47] $cat.cex
INFO [2024-05-22 00:39:47] [1] 2.5
INFO [2024-05-22 00:39:47] 
INFO [2024-05-22 00:39:47] $cat.fontfamily
INFO [2024-05-22 00:39:47] [1] "sans"
INFO [2024-05-22 00:39:47] 
INFO [2024-05-22 00:39:47] $cat.fontface
INFO [2024-05-22 00:39:47] [1] "bold"
INFO [2024-05-22 00:39:47] 
