INFO [2024-05-09 23:16:26] $x
INFO [2024-05-09 23:16:26] condition_lists
INFO [2024-05-09 23:16:26] 
INFO [2024-05-09 23:16:26] $category.names
INFO [2024-05-09 23:16:26] venn_bubble_names
INFO [2024-05-09 23:16:26] 
INFO [2024-05-09 23:16:26] $filename
INFO [2024-05-09 23:16:26] NULL
INFO [2024-05-09 23:16:26] 
INFO [2024-05-09 23:16:26] $col
INFO [2024-05-09 23:16:26] custom_palette
INFO [2024-05-09 23:16:26] 
INFO [2024-05-09 23:16:26] $fill
INFO [2024-05-09 23:16:26] custom_palette
INFO [2024-05-09 23:16:26] 
INFO [2024-05-09 23:16:26] $alpha
INFO [2024-05-09 23:16:26] [1] 0.5
INFO [2024-05-09 23:16:26] 
INFO [2024-05-09 23:16:26] $margin
INFO [2024-05-09 23:16:26] [1] 0.1
INFO [2024-05-09 23:16:26] 
INFO [2024-05-09 23:16:26] $fontfamily
INFO [2024-05-09 23:16:26] [1] "sans"
INFO [2024-05-09 23:16:26] 
INFO [2024-05-09 23:16:26] $fontface
INFO [2024-05-09 23:16:26] [1] "bold"
INFO [2024-05-09 23:16:26] 
INFO [2024-05-09 23:16:26] $cat.fontsize
INFO [2024-05-09 23:16:26] [1] 20
INFO [2024-05-09 23:16:26] 
INFO [2024-05-09 23:16:26] $cex
INFO [2024-05-09 23:16:26] [1] 2.5
INFO [2024-05-09 23:16:26] 
INFO [2024-05-09 23:16:26] $cat.cex
INFO [2024-05-09 23:16:26] [1] 2.5
INFO [2024-05-09 23:16:26] 
INFO [2024-05-09 23:16:26] $cat.fontfamily
INFO [2024-05-09 23:16:26] [1] "sans"
INFO [2024-05-09 23:16:26] 
INFO [2024-05-09 23:16:26] $cat.fontface
INFO [2024-05-09 23:16:26] [1] "bold"
INFO [2024-05-09 23:16:26] 
