INFO [2024-07-25 21:15:59] $x
INFO [2024-07-25 21:15:59] condition_lists
INFO [2024-07-25 21:15:59] 
INFO [2024-07-25 21:15:59] $category.names
INFO [2024-07-25 21:15:59] venn_bubble_names
INFO [2024-07-25 21:15:59] 
INFO [2024-07-25 21:15:59] $filename
INFO [2024-07-25 21:15:59] NULL
INFO [2024-07-25 21:15:59] 
INFO [2024-07-25 21:15:59] $col
INFO [2024-07-25 21:15:59] custom_palette
INFO [2024-07-25 21:15:59] 
INFO [2024-07-25 21:15:59] $fill
INFO [2024-07-25 21:15:59] custom_palette
INFO [2024-07-25 21:15:59] 
INFO [2024-07-25 21:15:59] $alpha
INFO [2024-07-25 21:15:59] [1] 0.5
INFO [2024-07-25 21:15:59] 
INFO [2024-07-25 21:15:59] $margin
INFO [2024-07-25 21:15:59] [1] 0.1
INFO [2024-07-25 21:15:59] 
INFO [2024-07-25 21:15:59] $fontfamily
INFO [2024-07-25 21:15:59] [1] "sans"
INFO [2024-07-25 21:15:59] 
INFO [2024-07-25 21:15:59] $fontface
INFO [2024-07-25 21:15:59] [1] "bold"
INFO [2024-07-25 21:15:59] 
INFO [2024-07-25 21:15:59] $cat.fontsize
INFO [2024-07-25 21:15:59] [1] 20
INFO [2024-07-25 21:15:59] 
INFO [2024-07-25 21:15:59] $cex
INFO [2024-07-25 21:15:59] [1] 2.5
INFO [2024-07-25 21:15:59] 
INFO [2024-07-25 21:15:59] $cat.cex
INFO [2024-07-25 21:15:59] [1] 2.5
INFO [2024-07-25 21:15:59] 
INFO [2024-07-25 21:15:59] $cat.fontfamily
INFO [2024-07-25 21:15:59] [1] "sans"
INFO [2024-07-25 21:15:59] 
INFO [2024-07-25 21:15:59] $cat.fontface
INFO [2024-07-25 21:15:59] [1] "bold"
INFO [2024-07-25 21:15:59] 
