INFO [2024-05-02 21:55:52] $x
INFO [2024-05-02 21:55:52] condition_lists
INFO [2024-05-02 21:55:52] 
INFO [2024-05-02 21:55:52] $category.names
INFO [2024-05-02 21:55:52] venn_bubble_names
INFO [2024-05-02 21:55:52] 
INFO [2024-05-02 21:55:52] $filename
INFO [2024-05-02 21:55:52] NULL
INFO [2024-05-02 21:55:52] 
INFO [2024-05-02 21:55:52] $col
INFO [2024-05-02 21:55:52] custom_palette
INFO [2024-05-02 21:55:52] 
INFO [2024-05-02 21:55:52] $fill
INFO [2024-05-02 21:55:52] custom_palette
INFO [2024-05-02 21:55:52] 
INFO [2024-05-02 21:55:52] $alpha
INFO [2024-05-02 21:55:52] [1] 0.5
INFO [2024-05-02 21:55:52] 
INFO [2024-05-02 21:55:52] $margin
INFO [2024-05-02 21:55:52] [1] 0.1
INFO [2024-05-02 21:55:52] 
INFO [2024-05-02 21:55:52] $fontfamily
INFO [2024-05-02 21:55:52] [1] "Arial"
INFO [2024-05-02 21:55:52] 
INFO [2024-05-02 21:55:52] $fontface
INFO [2024-05-02 21:55:52] [1] "bold"
INFO [2024-05-02 21:55:52] 
INFO [2024-05-02 21:55:52] $cat.fontsize
INFO [2024-05-02 21:55:52] [1] 20
INFO [2024-05-02 21:55:52] 
INFO [2024-05-02 21:55:52] $cex
INFO [2024-05-02 21:55:52] [1] 1.5
INFO [2024-05-02 21:55:52] 
