INFO [2024-05-09 19:38:15] $x
INFO [2024-05-09 19:38:15] condition_lists
INFO [2024-05-09 19:38:15] 
INFO [2024-05-09 19:38:15] $category.names
INFO [2024-05-09 19:38:15] venn_bubble_names
INFO [2024-05-09 19:38:15] 
INFO [2024-05-09 19:38:15] $filename
INFO [2024-05-09 19:38:15] NULL
INFO [2024-05-09 19:38:15] 
INFO [2024-05-09 19:38:15] $col
INFO [2024-05-09 19:38:15] custom_palette
INFO [2024-05-09 19:38:15] 
INFO [2024-05-09 19:38:15] $fill
INFO [2024-05-09 19:38:15] custom_palette
INFO [2024-05-09 19:38:15] 
INFO [2024-05-09 19:38:15] $alpha
INFO [2024-05-09 19:38:15] [1] 0.5
INFO [2024-05-09 19:38:15] 
INFO [2024-05-09 19:38:15] $margin
INFO [2024-05-09 19:38:15] [1] 0.1
INFO [2024-05-09 19:38:15] 
INFO [2024-05-09 19:38:15] $fontfamily
INFO [2024-05-09 19:38:15] [1] "sans"
INFO [2024-05-09 19:38:15] 
INFO [2024-05-09 19:38:15] $fontface
INFO [2024-05-09 19:38:15] [1] "bold"
INFO [2024-05-09 19:38:15] 
INFO [2024-05-09 19:38:15] $cat.fontsize
INFO [2024-05-09 19:38:15] [1] 20
INFO [2024-05-09 19:38:15] 
INFO [2024-05-09 19:38:15] $cex
INFO [2024-05-09 19:38:15] [1] 2.5
INFO [2024-05-09 19:38:15] 
INFO [2024-05-09 19:38:15] $cat.cex
INFO [2024-05-09 19:38:15] [1] 2.5
INFO [2024-05-09 19:38:15] 
INFO [2024-05-09 19:38:15] $cat.fontfamily
INFO [2024-05-09 19:38:15] [1] "sans"
INFO [2024-05-09 19:38:15] 
INFO [2024-05-09 19:38:15] $cat.fontface
INFO [2024-05-09 19:38:15] [1] "bold"
INFO [2024-05-09 19:38:15] 
