INFO [2024-05-09 23:05:32] $x
INFO [2024-05-09 23:05:32] condition_lists
INFO [2024-05-09 23:05:32] 
INFO [2024-05-09 23:05:32] $category.names
INFO [2024-05-09 23:05:32] venn_bubble_names
INFO [2024-05-09 23:05:32] 
INFO [2024-05-09 23:05:32] $filename
INFO [2024-05-09 23:05:32] NULL
INFO [2024-05-09 23:05:32] 
INFO [2024-05-09 23:05:32] $col
INFO [2024-05-09 23:05:32] custom_palette
INFO [2024-05-09 23:05:32] 
INFO [2024-05-09 23:05:32] $fill
INFO [2024-05-09 23:05:32] custom_palette
INFO [2024-05-09 23:05:32] 
INFO [2024-05-09 23:05:32] $alpha
INFO [2024-05-09 23:05:32] [1] 0.5
INFO [2024-05-09 23:05:32] 
INFO [2024-05-09 23:05:32] $margin
INFO [2024-05-09 23:05:32] [1] 0.1
INFO [2024-05-09 23:05:32] 
INFO [2024-05-09 23:05:32] $fontfamily
INFO [2024-05-09 23:05:32] [1] "sans"
INFO [2024-05-09 23:05:32] 
INFO [2024-05-09 23:05:32] $fontface
INFO [2024-05-09 23:05:32] [1] "bold"
INFO [2024-05-09 23:05:32] 
INFO [2024-05-09 23:05:32] $cat.fontsize
INFO [2024-05-09 23:05:32] [1] 20
INFO [2024-05-09 23:05:32] 
INFO [2024-05-09 23:05:32] $cex
INFO [2024-05-09 23:05:32] [1] 2.5
INFO [2024-05-09 23:05:32] 
INFO [2024-05-09 23:05:32] $cat.cex
INFO [2024-05-09 23:05:32] [1] 2.5
INFO [2024-05-09 23:05:32] 
INFO [2024-05-09 23:05:32] $cat.fontfamily
INFO [2024-05-09 23:05:32] [1] "sans"
INFO [2024-05-09 23:05:32] 
INFO [2024-05-09 23:05:32] $cat.fontface
INFO [2024-05-09 23:05:32] [1] "bold"
INFO [2024-05-09 23:05:32] 
