INFO [2024-09-12 17:30:19] $x
INFO [2024-09-12 17:30:19] condition_lists
INFO [2024-09-12 17:30:19] 
INFO [2024-09-12 17:30:19] $category.names
INFO [2024-09-12 17:30:19] venn_bubble_names
INFO [2024-09-12 17:30:19] 
INFO [2024-09-12 17:30:19] $filename
INFO [2024-09-12 17:30:19] NULL
INFO [2024-09-12 17:30:19] 
INFO [2024-09-12 17:30:19] $col
INFO [2024-09-12 17:30:19] custom_palette
INFO [2024-09-12 17:30:19] 
INFO [2024-09-12 17:30:19] $fill
INFO [2024-09-12 17:30:19] custom_palette
INFO [2024-09-12 17:30:19] 
INFO [2024-09-12 17:30:19] $alpha
INFO [2024-09-12 17:30:19] [1] 0.5
INFO [2024-09-12 17:30:19] 
INFO [2024-09-12 17:30:19] $margin
INFO [2024-09-12 17:30:19] [1] 0.1
INFO [2024-09-12 17:30:19] 
INFO [2024-09-12 17:30:19] $fontfamily
INFO [2024-09-12 17:30:19] [1] "sans"
INFO [2024-09-12 17:30:19] 
INFO [2024-09-12 17:30:19] $fontface
INFO [2024-09-12 17:30:19] [1] "bold"
INFO [2024-09-12 17:30:19] 
INFO [2024-09-12 17:30:19] $cat.fontsize
INFO [2024-09-12 17:30:19] [1] 30
INFO [2024-09-12 17:30:19] 
INFO [2024-09-12 17:30:19] $cex
INFO [2024-09-12 17:30:19] [1] 3
INFO [2024-09-12 17:30:19] 
INFO [2024-09-12 17:30:19] $cat.cex
INFO [2024-09-12 17:30:19] [1] 3
INFO [2024-09-12 17:30:19] 
INFO [2024-09-12 17:30:19] $cat.fontfamily
INFO [2024-09-12 17:30:19] [1] "sans"
INFO [2024-09-12 17:30:19] 
INFO [2024-09-12 17:30:19] $cat.fontface
INFO [2024-09-12 17:30:19] [1] "bold"
INFO [2024-09-12 17:30:19] 
INFO [2024-09-12 17:30:19] $cat.dist
INFO [2024-09-12 17:30:19] rep(cat.dist.value, num_conditions)
INFO [2024-09-12 17:30:19] 
