INFO [2024-05-22 00:41:53] $x
INFO [2024-05-22 00:41:53] condition_lists
INFO [2024-05-22 00:41:53] 
INFO [2024-05-22 00:41:53] $category.names
INFO [2024-05-22 00:41:53] venn_bubble_names
INFO [2024-05-22 00:41:53] 
INFO [2024-05-22 00:41:53] $filename
INFO [2024-05-22 00:41:53] NULL
INFO [2024-05-22 00:41:53] 
INFO [2024-05-22 00:41:53] $col
INFO [2024-05-22 00:41:53] custom_palette
INFO [2024-05-22 00:41:53] 
INFO [2024-05-22 00:41:53] $fill
INFO [2024-05-22 00:41:53] custom_palette
INFO [2024-05-22 00:41:53] 
INFO [2024-05-22 00:41:53] $alpha
INFO [2024-05-22 00:41:53] [1] 0.5
INFO [2024-05-22 00:41:53] 
INFO [2024-05-22 00:41:53] $margin
INFO [2024-05-22 00:41:53] [1] 0.1
INFO [2024-05-22 00:41:53] 
INFO [2024-05-22 00:41:53] $fontfamily
INFO [2024-05-22 00:41:53] [1] "sans"
INFO [2024-05-22 00:41:53] 
INFO [2024-05-22 00:41:53] $fontface
INFO [2024-05-22 00:41:53] [1] "bold"
INFO [2024-05-22 00:41:53] 
INFO [2024-05-22 00:41:53] $cat.fontsize
INFO [2024-05-22 00:41:53] [1] 20
INFO [2024-05-22 00:41:53] 
INFO [2024-05-22 00:41:53] $cex
INFO [2024-05-22 00:41:53] [1] 2.5
INFO [2024-05-22 00:41:53] 
INFO [2024-05-22 00:41:53] $cat.cex
INFO [2024-05-22 00:41:53] [1] 2.5
INFO [2024-05-22 00:41:53] 
INFO [2024-05-22 00:41:53] $cat.fontfamily
INFO [2024-05-22 00:41:53] [1] "sans"
INFO [2024-05-22 00:41:53] 
INFO [2024-05-22 00:41:53] $cat.fontface
INFO [2024-05-22 00:41:53] [1] "bold"
INFO [2024-05-22 00:41:53] 
