INFO [2024-08-06 13:25:59] $x
INFO [2024-08-06 13:25:59] condition_lists
INFO [2024-08-06 13:25:59] 
INFO [2024-08-06 13:25:59] $category.names
INFO [2024-08-06 13:25:59] venn_bubble_names
INFO [2024-08-06 13:25:59] 
INFO [2024-08-06 13:25:59] $filename
INFO [2024-08-06 13:25:59] NULL
INFO [2024-08-06 13:25:59] 
INFO [2024-08-06 13:25:59] $col
INFO [2024-08-06 13:25:59] custom_palette
INFO [2024-08-06 13:25:59] 
INFO [2024-08-06 13:25:59] $fill
INFO [2024-08-06 13:25:59] custom_palette
INFO [2024-08-06 13:25:59] 
INFO [2024-08-06 13:25:59] $alpha
INFO [2024-08-06 13:25:59] [1] 0.5
INFO [2024-08-06 13:25:59] 
INFO [2024-08-06 13:25:59] $margin
INFO [2024-08-06 13:25:59] [1] 0.1
INFO [2024-08-06 13:25:59] 
INFO [2024-08-06 13:25:59] $fontfamily
INFO [2024-08-06 13:25:59] [1] "sans"
INFO [2024-08-06 13:25:59] 
INFO [2024-08-06 13:25:59] $fontface
INFO [2024-08-06 13:25:59] [1] "bold"
INFO [2024-08-06 13:25:59] 
INFO [2024-08-06 13:25:59] $cat.fontsize
INFO [2024-08-06 13:25:59] [1] 20
INFO [2024-08-06 13:25:59] 
INFO [2024-08-06 13:25:59] $cex
INFO [2024-08-06 13:25:59] [1] 2.5
INFO [2024-08-06 13:25:59] 
INFO [2024-08-06 13:25:59] $cat.cex
INFO [2024-08-06 13:25:59] [1] 2.5
INFO [2024-08-06 13:25:59] 
INFO [2024-08-06 13:25:59] $cat.fontfamily
INFO [2024-08-06 13:25:59] [1] "sans"
INFO [2024-08-06 13:25:59] 
INFO [2024-08-06 13:25:59] $cat.fontface
INFO [2024-08-06 13:25:59] [1] "bold"
INFO [2024-08-06 13:25:59] 
INFO [2024-08-06 13:25:59] $cat.dist
INFO [2024-08-06 13:25:59] rep(cat.dist.value, num_conditions)
INFO [2024-08-06 13:25:59] 
