INFO [2024-09-12 17:16:48] $x
INFO [2024-09-12 17:16:48] condition_lists
INFO [2024-09-12 17:16:48] 
INFO [2024-09-12 17:16:48] $category.names
INFO [2024-09-12 17:16:48] venn_bubble_names
INFO [2024-09-12 17:16:48] 
INFO [2024-09-12 17:16:48] $filename
INFO [2024-09-12 17:16:48] NULL
INFO [2024-09-12 17:16:48] 
INFO [2024-09-12 17:16:48] $col
INFO [2024-09-12 17:16:48] custom_palette
INFO [2024-09-12 17:16:48] 
INFO [2024-09-12 17:16:48] $fill
INFO [2024-09-12 17:16:48] custom_palette
INFO [2024-09-12 17:16:48] 
INFO [2024-09-12 17:16:48] $alpha
INFO [2024-09-12 17:16:48] [1] 0.5
INFO [2024-09-12 17:16:48] 
INFO [2024-09-12 17:16:48] $margin
INFO [2024-09-12 17:16:48] [1] 0.1
INFO [2024-09-12 17:16:48] 
INFO [2024-09-12 17:16:48] $fontfamily
INFO [2024-09-12 17:16:48] [1] "sans"
INFO [2024-09-12 17:16:48] 
INFO [2024-09-12 17:16:48] $fontface
INFO [2024-09-12 17:16:48] [1] "bold"
INFO [2024-09-12 17:16:48] 
INFO [2024-09-12 17:16:48] $cat.fontsize
INFO [2024-09-12 17:16:48] [1] 20
INFO [2024-09-12 17:16:48] 
INFO [2024-09-12 17:16:48] $cex
INFO [2024-09-12 17:16:48] [1] 2.5
INFO [2024-09-12 17:16:48] 
INFO [2024-09-12 17:16:48] $cat.cex
INFO [2024-09-12 17:16:48] [1] 2.5
INFO [2024-09-12 17:16:48] 
INFO [2024-09-12 17:16:48] $cat.fontfamily
INFO [2024-09-12 17:16:48] [1] "sans"
INFO [2024-09-12 17:16:48] 
INFO [2024-09-12 17:16:48] $cat.fontface
INFO [2024-09-12 17:16:48] [1] "bold"
INFO [2024-09-12 17:16:48] 
INFO [2024-09-12 17:16:48] $cat.dist
INFO [2024-09-12 17:16:48] rep(cat.dist.value, num_conditions)
INFO [2024-09-12 17:16:48] 
