INFO [2024-09-12 17:36:29] $x
INFO [2024-09-12 17:36:29] condition_lists
INFO [2024-09-12 17:36:29] 
INFO [2024-09-12 17:36:29] $category.names
INFO [2024-09-12 17:36:29] venn_bubble_names
INFO [2024-09-12 17:36:29] 
INFO [2024-09-12 17:36:29] $filename
INFO [2024-09-12 17:36:29] NULL
INFO [2024-09-12 17:36:29] 
INFO [2024-09-12 17:36:29] $col
INFO [2024-09-12 17:36:29] custom_palette
INFO [2024-09-12 17:36:29] 
INFO [2024-09-12 17:36:29] $fill
INFO [2024-09-12 17:36:29] custom_palette
INFO [2024-09-12 17:36:29] 
INFO [2024-09-12 17:36:29] $alpha
INFO [2024-09-12 17:36:29] [1] 0.5
INFO [2024-09-12 17:36:29] 
INFO [2024-09-12 17:36:29] $margin
INFO [2024-09-12 17:36:29] [1] 0.1
INFO [2024-09-12 17:36:29] 
INFO [2024-09-12 17:36:29] $fontfamily
INFO [2024-09-12 17:36:29] [1] "sans"
INFO [2024-09-12 17:36:29] 
INFO [2024-09-12 17:36:29] $fontface
INFO [2024-09-12 17:36:29] [1] "bold"
INFO [2024-09-12 17:36:29] 
INFO [2024-09-12 17:36:29] $cat.fontsize
INFO [2024-09-12 17:36:29] [1] 30
INFO [2024-09-12 17:36:29] 
INFO [2024-09-12 17:36:29] $cex
INFO [2024-09-12 17:36:29] [1] 3
INFO [2024-09-12 17:36:29] 
INFO [2024-09-12 17:36:29] $cat.cex
INFO [2024-09-12 17:36:29] [1] 3
INFO [2024-09-12 17:36:29] 
INFO [2024-09-12 17:36:29] $cat.fontfamily
INFO [2024-09-12 17:36:29] [1] "sans"
INFO [2024-09-12 17:36:29] 
INFO [2024-09-12 17:36:29] $cat.fontface
INFO [2024-09-12 17:36:29] [1] "bold"
INFO [2024-09-12 17:36:29] 
INFO [2024-09-12 17:36:29] $cat.dist
INFO [2024-09-12 17:36:29] rep(cat.dist.value, num_conditions)
INFO [2024-09-12 17:36:29] 
