INFO [2024-05-09 23:11:34] $x
INFO [2024-05-09 23:11:34] condition_lists
INFO [2024-05-09 23:11:34] 
INFO [2024-05-09 23:11:34] $category.names
INFO [2024-05-09 23:11:34] venn_bubble_names
INFO [2024-05-09 23:11:34] 
INFO [2024-05-09 23:11:34] $filename
INFO [2024-05-09 23:11:34] NULL
INFO [2024-05-09 23:11:34] 
INFO [2024-05-09 23:11:34] $col
INFO [2024-05-09 23:11:34] custom_palette
INFO [2024-05-09 23:11:34] 
INFO [2024-05-09 23:11:34] $fill
INFO [2024-05-09 23:11:34] custom_palette
INFO [2024-05-09 23:11:34] 
INFO [2024-05-09 23:11:34] $alpha
INFO [2024-05-09 23:11:34] [1] 0.5
INFO [2024-05-09 23:11:34] 
INFO [2024-05-09 23:11:34] $margin
INFO [2024-05-09 23:11:34] [1] 0.1
INFO [2024-05-09 23:11:34] 
INFO [2024-05-09 23:11:34] $fontfamily
INFO [2024-05-09 23:11:34] [1] "sans"
INFO [2024-05-09 23:11:34] 
INFO [2024-05-09 23:11:34] $fontface
INFO [2024-05-09 23:11:34] [1] "bold"
INFO [2024-05-09 23:11:34] 
INFO [2024-05-09 23:11:34] $cat.fontsize
INFO [2024-05-09 23:11:34] [1] 20
INFO [2024-05-09 23:11:34] 
INFO [2024-05-09 23:11:34] $cex
INFO [2024-05-09 23:11:34] [1] 2.5
INFO [2024-05-09 23:11:34] 
INFO [2024-05-09 23:11:34] $cat.cex
INFO [2024-05-09 23:11:34] [1] 2.5
INFO [2024-05-09 23:11:34] 
INFO [2024-05-09 23:11:34] $cat.fontfamily
INFO [2024-05-09 23:11:34] [1] "sans"
INFO [2024-05-09 23:11:34] 
INFO [2024-05-09 23:11:34] $cat.fontface
INFO [2024-05-09 23:11:34] [1] "bold"
INFO [2024-05-09 23:11:34] 
