INFO [2024-05-02 22:28:22] $x
INFO [2024-05-02 22:28:22] condition_lists
INFO [2024-05-02 22:28:22] 
INFO [2024-05-02 22:28:22] $category.names
INFO [2024-05-02 22:28:22] venn_bubble_names
INFO [2024-05-02 22:28:22] 
INFO [2024-05-02 22:28:22] $filename
INFO [2024-05-02 22:28:22] NULL
INFO [2024-05-02 22:28:22] 
INFO [2024-05-02 22:28:22] $col
INFO [2024-05-02 22:28:22] custom_palette
INFO [2024-05-02 22:28:22] 
INFO [2024-05-02 22:28:22] $fill
INFO [2024-05-02 22:28:22] custom_palette
INFO [2024-05-02 22:28:22] 
INFO [2024-05-02 22:28:22] $alpha
INFO [2024-05-02 22:28:22] [1] 0.5
INFO [2024-05-02 22:28:22] 
INFO [2024-05-02 22:28:22] $margin
INFO [2024-05-02 22:28:22] [1] 0.1
INFO [2024-05-02 22:28:22] 
INFO [2024-05-02 22:28:22] $fontfamily
INFO [2024-05-02 22:28:22] [1] "sans"
INFO [2024-05-02 22:28:22] 
INFO [2024-05-02 22:28:22] $fontface
INFO [2024-05-02 22:28:22] [1] "bold"
INFO [2024-05-02 22:28:22] 
INFO [2024-05-02 22:28:22] $cat.fontsize
INFO [2024-05-02 22:28:22] [1] 35
INFO [2024-05-02 22:28:22] 
INFO [2024-05-02 22:28:22] $cex
INFO [2024-05-02 22:28:22] [1] 1.5
INFO [2024-05-02 22:28:22] 
INFO [2024-05-02 22:28:22] $cat.fontfamily
INFO [2024-05-02 22:28:22] [1] "sans"
INFO [2024-05-02 22:28:22] 
INFO [2024-05-02 22:28:22] $cat.fontface
INFO [2024-05-02 22:28:22] [1] "bold"
INFO [2024-05-02 22:28:22] 
