INFO [2024-05-09 23:33:52] $x
INFO [2024-05-09 23:33:52] common_entries
INFO [2024-05-09 23:33:52] 
INFO [2024-05-09 23:33:52] $category.names
INFO [2024-05-09 23:33:52] venn_bubble_names
INFO [2024-05-09 23:33:52] 
INFO [2024-05-09 23:33:52] $filename
INFO [2024-05-09 23:33:52] NULL
INFO [2024-05-09 23:33:52] 
INFO [2024-05-09 23:33:52] $col
INFO [2024-05-09 23:33:52] custom_palette
INFO [2024-05-09 23:33:52] 
INFO [2024-05-09 23:33:52] $fill
INFO [2024-05-09 23:33:52] custom_palette
INFO [2024-05-09 23:33:52] 
INFO [2024-05-09 23:33:52] $alpha
INFO [2024-05-09 23:33:52] [1] 0.5
INFO [2024-05-09 23:33:52] 
INFO [2024-05-09 23:33:52] $margin
INFO [2024-05-09 23:33:52] [1] 0.1
INFO [2024-05-09 23:33:52] 
INFO [2024-05-09 23:33:52] $fontfamily
INFO [2024-05-09 23:33:52] [1] "sans"
INFO [2024-05-09 23:33:52] 
INFO [2024-05-09 23:33:52] $fontface
INFO [2024-05-09 23:33:52] [1] "bold"
INFO [2024-05-09 23:33:52] 
INFO [2024-05-09 23:33:52] $cat.fontsize
INFO [2024-05-09 23:33:52] [1] 20
INFO [2024-05-09 23:33:52] 
INFO [2024-05-09 23:33:52] $cex
INFO [2024-05-09 23:33:52] [1] 2.5
INFO [2024-05-09 23:33:52] 
INFO [2024-05-09 23:33:52] $cat.cex
INFO [2024-05-09 23:33:52] [1] 2.5
INFO [2024-05-09 23:33:52] 
INFO [2024-05-09 23:33:52] $cat.fontfamily
INFO [2024-05-09 23:33:52] [1] "sans"
INFO [2024-05-09 23:33:52] 
INFO [2024-05-09 23:33:52] $cat.fontface
INFO [2024-05-09 23:33:52] [1] "bold"
INFO [2024-05-09 23:33:52] 
