INFO [2024-05-22 00:38:18] $x
INFO [2024-05-22 00:38:18] condition_lists
INFO [2024-05-22 00:38:18] 
INFO [2024-05-22 00:38:18] $category.names
INFO [2024-05-22 00:38:18] venn_bubble_names
INFO [2024-05-22 00:38:18] 
INFO [2024-05-22 00:38:18] $filename
INFO [2024-05-22 00:38:18] NULL
INFO [2024-05-22 00:38:18] 
INFO [2024-05-22 00:38:18] $col
INFO [2024-05-22 00:38:18] custom_palette
INFO [2024-05-22 00:38:18] 
INFO [2024-05-22 00:38:18] $fill
INFO [2024-05-22 00:38:18] custom_palette
INFO [2024-05-22 00:38:18] 
INFO [2024-05-22 00:38:18] $alpha
INFO [2024-05-22 00:38:18] [1] 0.5
INFO [2024-05-22 00:38:18] 
INFO [2024-05-22 00:38:18] $margin
INFO [2024-05-22 00:38:18] [1] 0.1
INFO [2024-05-22 00:38:18] 
INFO [2024-05-22 00:38:18] $fontfamily
INFO [2024-05-22 00:38:18] [1] "sans"
INFO [2024-05-22 00:38:18] 
INFO [2024-05-22 00:38:18] $fontface
INFO [2024-05-22 00:38:18] [1] "bold"
INFO [2024-05-22 00:38:18] 
INFO [2024-05-22 00:38:18] $cat.fontsize
INFO [2024-05-22 00:38:18] [1] 20
INFO [2024-05-22 00:38:18] 
INFO [2024-05-22 00:38:18] $cex
INFO [2024-05-22 00:38:18] [1] 2.5
INFO [2024-05-22 00:38:18] 
INFO [2024-05-22 00:38:18] $cat.cex
INFO [2024-05-22 00:38:18] [1] 2.5
INFO [2024-05-22 00:38:18] 
INFO [2024-05-22 00:38:18] $cat.fontfamily
INFO [2024-05-22 00:38:18] [1] "sans"
INFO [2024-05-22 00:38:18] 
INFO [2024-05-22 00:38:18] $cat.fontface
INFO [2024-05-22 00:38:18] [1] "bold"
INFO [2024-05-22 00:38:18] 
