INFO [2024-09-12 18:16:24] $x
INFO [2024-09-12 18:16:24] condition_lists
INFO [2024-09-12 18:16:24] 
INFO [2024-09-12 18:16:24] $category.names
INFO [2024-09-12 18:16:24] venn_bubble_names
INFO [2024-09-12 18:16:24] 
INFO [2024-09-12 18:16:24] $filename
INFO [2024-09-12 18:16:24] NULL
INFO [2024-09-12 18:16:24] 
INFO [2024-09-12 18:16:24] $col
INFO [2024-09-12 18:16:24] custom_palette
INFO [2024-09-12 18:16:24] 
INFO [2024-09-12 18:16:24] $fill
INFO [2024-09-12 18:16:24] custom_palette
INFO [2024-09-12 18:16:24] 
INFO [2024-09-12 18:16:24] $alpha
INFO [2024-09-12 18:16:24] [1] 0.5
INFO [2024-09-12 18:16:24] 
INFO [2024-09-12 18:16:24] $margin
INFO [2024-09-12 18:16:24] [1] 0.1
INFO [2024-09-12 18:16:24] 
INFO [2024-09-12 18:16:24] $fontfamily
INFO [2024-09-12 18:16:24] [1] "sans"
INFO [2024-09-12 18:16:24] 
INFO [2024-09-12 18:16:24] $fontface
INFO [2024-09-12 18:16:24] [1] "bold"
INFO [2024-09-12 18:16:24] 
INFO [2024-09-12 18:16:24] $cat.fontsize
INFO [2024-09-12 18:16:24] [1] 40
INFO [2024-09-12 18:16:24] 
INFO [2024-09-12 18:16:24] $cex
INFO [2024-09-12 18:16:24] [1] 4
INFO [2024-09-12 18:16:24] 
INFO [2024-09-12 18:16:24] $cat.cex
INFO [2024-09-12 18:16:24] [1] 5
INFO [2024-09-12 18:16:24] 
INFO [2024-09-12 18:16:24] $cat.fontfamily
INFO [2024-09-12 18:16:24] [1] "sans"
INFO [2024-09-12 18:16:24] 
INFO [2024-09-12 18:16:24] $cat.fontface
INFO [2024-09-12 18:16:24] [1] "bold"
INFO [2024-09-12 18:16:24] 
INFO [2024-09-12 18:16:24] $cat.dist
INFO [2024-09-12 18:16:24] rep(cat.dist.value, num_conditions)
INFO [2024-09-12 18:16:24] 
