INFO [2024-05-23 15:42:36] $x
INFO [2024-05-23 15:42:36] condition_lists
INFO [2024-05-23 15:42:36] 
INFO [2024-05-23 15:42:36] $category.names
INFO [2024-05-23 15:42:36] venn_bubble_names
INFO [2024-05-23 15:42:36] 
INFO [2024-05-23 15:42:36] $filename
INFO [2024-05-23 15:42:36] NULL
INFO [2024-05-23 15:42:36] 
INFO [2024-05-23 15:42:36] $col
INFO [2024-05-23 15:42:36] custom_palette
INFO [2024-05-23 15:42:36] 
INFO [2024-05-23 15:42:36] $fill
INFO [2024-05-23 15:42:36] custom_palette
INFO [2024-05-23 15:42:36] 
INFO [2024-05-23 15:42:36] $alpha
INFO [2024-05-23 15:42:36] [1] 0.5
INFO [2024-05-23 15:42:36] 
INFO [2024-05-23 15:42:36] $margin
INFO [2024-05-23 15:42:36] [1] 0.1
INFO [2024-05-23 15:42:36] 
INFO [2024-05-23 15:42:36] $fontfamily
INFO [2024-05-23 15:42:36] [1] "sans"
INFO [2024-05-23 15:42:36] 
INFO [2024-05-23 15:42:36] $fontface
INFO [2024-05-23 15:42:36] [1] "bold"
INFO [2024-05-23 15:42:36] 
INFO [2024-05-23 15:42:36] $cat.fontsize
INFO [2024-05-23 15:42:36] [1] 20
INFO [2024-05-23 15:42:36] 
INFO [2024-05-23 15:42:36] $cex
INFO [2024-05-23 15:42:36] [1] 2.5
INFO [2024-05-23 15:42:36] 
INFO [2024-05-23 15:42:36] $cat.cex
INFO [2024-05-23 15:42:36] [1] 2.5
INFO [2024-05-23 15:42:36] 
INFO [2024-05-23 15:42:36] $cat.fontfamily
INFO [2024-05-23 15:42:36] [1] "sans"
INFO [2024-05-23 15:42:36] 
INFO [2024-05-23 15:42:36] $cat.fontface
INFO [2024-05-23 15:42:36] [1] "bold"
INFO [2024-05-23 15:42:36] 
