INFO [2024-05-02 22:17:20] $x
INFO [2024-05-02 22:17:20] condition_lists
INFO [2024-05-02 22:17:20] 
INFO [2024-05-02 22:17:20] $category.names
INFO [2024-05-02 22:17:20] venn_bubble_names
INFO [2024-05-02 22:17:20] 
INFO [2024-05-02 22:17:20] $filename
INFO [2024-05-02 22:17:20] NULL
INFO [2024-05-02 22:17:20] 
INFO [2024-05-02 22:17:20] $col
INFO [2024-05-02 22:17:20] custom_palette
INFO [2024-05-02 22:17:20] 
INFO [2024-05-02 22:17:20] $fill
INFO [2024-05-02 22:17:20] custom_palette
INFO [2024-05-02 22:17:20] 
INFO [2024-05-02 22:17:20] $alpha
INFO [2024-05-02 22:17:20] [1] 0.5
INFO [2024-05-02 22:17:20] 
INFO [2024-05-02 22:17:20] $margin
INFO [2024-05-02 22:17:20] [1] 0.1
INFO [2024-05-02 22:17:20] 
INFO [2024-05-02 22:17:20] $fontfamily
INFO [2024-05-02 22:17:20] [1] "sans"
INFO [2024-05-02 22:17:20] 
INFO [2024-05-02 22:17:20] $fontface
INFO [2024-05-02 22:17:20] [1] "bold"
INFO [2024-05-02 22:17:20] 
INFO [2024-05-02 22:17:20] $cat.fontsize
INFO [2024-05-02 22:17:20] [1] 20
INFO [2024-05-02 22:17:20] 
INFO [2024-05-02 22:17:20] $cex
INFO [2024-05-02 22:17:20] [1] 1.5
INFO [2024-05-02 22:17:20] 
INFO [2024-05-02 22:17:20] $cat.fontfamily
INFO [2024-05-02 22:17:20] [1] "sans"
INFO [2024-05-02 22:17:20] 
INFO [2024-05-02 22:17:20] $cat.fontface
INFO [2024-05-02 22:17:20] [1] "bold"
INFO [2024-05-02 22:17:20] 
