INFO [2024-05-02 21:42:12] $x
INFO [2024-05-02 21:42:12] condition_lists
INFO [2024-05-02 21:42:12] 
INFO [2024-05-02 21:42:12] $category.names
INFO [2024-05-02 21:42:12] venn_bubble_names
INFO [2024-05-02 21:42:12] 
INFO [2024-05-02 21:42:12] $filename
INFO [2024-05-02 21:42:12] NULL
INFO [2024-05-02 21:42:12] 
INFO [2024-05-02 21:42:12] $col
INFO [2024-05-02 21:42:12] custom_palette
INFO [2024-05-02 21:42:12] 
INFO [2024-05-02 21:42:12] $fill
INFO [2024-05-02 21:42:12] custom_palette
INFO [2024-05-02 21:42:12] 
INFO [2024-05-02 21:42:12] $alpha
INFO [2024-05-02 21:42:12] [1] 0.5
INFO [2024-05-02 21:42:12] 
INFO [2024-05-02 21:42:12] $margin
INFO [2024-05-02 21:42:12] [1] 0.1
INFO [2024-05-02 21:42:12] 
INFO [2024-05-02 21:42:12] $fontfamily
INFO [2024-05-02 21:42:12] [1] "Arial"
INFO [2024-05-02 21:42:12] 
INFO [2024-05-02 21:42:12] $fontface
INFO [2024-05-02 21:42:12] [1] "bold"
INFO [2024-05-02 21:42:12] 
INFO [2024-05-02 21:42:12] $cat.fontsize
INFO [2024-05-02 21:42:12] [1] 20
INFO [2024-05-02 21:42:12] 
INFO [2024-05-02 21:42:12] $cex
INFO [2024-05-02 21:42:12] [1] 1.5
INFO [2024-05-02 21:42:12] 
