INFO [2024-05-09 23:31:06] $x
INFO [2024-05-09 23:31:06] common_entries
INFO [2024-05-09 23:31:06] 
INFO [2024-05-09 23:31:06] $category.names
INFO [2024-05-09 23:31:06] venn_bubble_names
INFO [2024-05-09 23:31:06] 
INFO [2024-05-09 23:31:06] $filename
INFO [2024-05-09 23:31:06] NULL
INFO [2024-05-09 23:31:06] 
INFO [2024-05-09 23:31:06] $col
INFO [2024-05-09 23:31:06] custom_palette
INFO [2024-05-09 23:31:06] 
INFO [2024-05-09 23:31:06] $fill
INFO [2024-05-09 23:31:06] custom_palette
INFO [2024-05-09 23:31:06] 
INFO [2024-05-09 23:31:06] $alpha
INFO [2024-05-09 23:31:06] [1] 0.5
INFO [2024-05-09 23:31:06] 
INFO [2024-05-09 23:31:06] $margin
INFO [2024-05-09 23:31:06] [1] 0.1
INFO [2024-05-09 23:31:06] 
INFO [2024-05-09 23:31:06] $fontfamily
INFO [2024-05-09 23:31:06] [1] "sans"
INFO [2024-05-09 23:31:06] 
INFO [2024-05-09 23:31:06] $fontface
INFO [2024-05-09 23:31:06] [1] "bold"
INFO [2024-05-09 23:31:06] 
INFO [2024-05-09 23:31:06] $cat.fontsize
INFO [2024-05-09 23:31:06] [1] 20
INFO [2024-05-09 23:31:06] 
INFO [2024-05-09 23:31:06] $cex
INFO [2024-05-09 23:31:06] [1] 2.5
INFO [2024-05-09 23:31:06] 
INFO [2024-05-09 23:31:06] $cat.cex
INFO [2024-05-09 23:31:06] [1] 2.5
INFO [2024-05-09 23:31:06] 
INFO [2024-05-09 23:31:06] $cat.fontfamily
INFO [2024-05-09 23:31:06] [1] "sans"
INFO [2024-05-09 23:31:06] 
INFO [2024-05-09 23:31:06] $cat.fontface
INFO [2024-05-09 23:31:06] [1] "bold"
INFO [2024-05-09 23:31:06] 
