INFO [2024-09-12 17:40:14] $x
INFO [2024-09-12 17:40:14] condition_lists
INFO [2024-09-12 17:40:14] 
INFO [2024-09-12 17:40:14] $category.names
INFO [2024-09-12 17:40:14] venn_bubble_names
INFO [2024-09-12 17:40:14] 
INFO [2024-09-12 17:40:14] $filename
INFO [2024-09-12 17:40:14] NULL
INFO [2024-09-12 17:40:14] 
INFO [2024-09-12 17:40:14] $col
INFO [2024-09-12 17:40:14] custom_palette
INFO [2024-09-12 17:40:14] 
INFO [2024-09-12 17:40:14] $fill
INFO [2024-09-12 17:40:14] custom_palette
INFO [2024-09-12 17:40:14] 
INFO [2024-09-12 17:40:14] $alpha
INFO [2024-09-12 17:40:14] [1] 0.5
INFO [2024-09-12 17:40:14] 
INFO [2024-09-12 17:40:14] $margin
INFO [2024-09-12 17:40:14] [1] 0.1
INFO [2024-09-12 17:40:14] 
INFO [2024-09-12 17:40:14] $fontfamily
INFO [2024-09-12 17:40:14] [1] "sans"
INFO [2024-09-12 17:40:14] 
INFO [2024-09-12 17:40:14] $fontface
INFO [2024-09-12 17:40:14] [1] "bold"
INFO [2024-09-12 17:40:14] 
INFO [2024-09-12 17:40:14] $cat.fontsize
INFO [2024-09-12 17:40:14] [1] 40
INFO [2024-09-12 17:40:14] 
INFO [2024-09-12 17:40:14] $cex
INFO [2024-09-12 17:40:14] [1] 4
INFO [2024-09-12 17:40:14] 
INFO [2024-09-12 17:40:14] $cat.cex
INFO [2024-09-12 17:40:14] [1] 5
INFO [2024-09-12 17:40:14] 
INFO [2024-09-12 17:40:14] $cat.fontfamily
INFO [2024-09-12 17:40:14] [1] "sans"
INFO [2024-09-12 17:40:14] 
INFO [2024-09-12 17:40:14] $cat.fontface
INFO [2024-09-12 17:40:14] [1] "bold"
INFO [2024-09-12 17:40:14] 
INFO [2024-09-12 17:40:14] $cat.dist
INFO [2024-09-12 17:40:14] rep(cat.dist.value, num_conditions)
INFO [2024-09-12 17:40:14] 
