INFO [2024-05-02 22:31:13] $x
INFO [2024-05-02 22:31:13] condition_lists
INFO [2024-05-02 22:31:13] 
INFO [2024-05-02 22:31:13] $category.names
INFO [2024-05-02 22:31:13] venn_bubble_names
INFO [2024-05-02 22:31:13] 
INFO [2024-05-02 22:31:13] $filename
INFO [2024-05-02 22:31:13] NULL
INFO [2024-05-02 22:31:13] 
INFO [2024-05-02 22:31:13] $col
INFO [2024-05-02 22:31:13] custom_palette
INFO [2024-05-02 22:31:13] 
INFO [2024-05-02 22:31:13] $fill
INFO [2024-05-02 22:31:13] custom_palette
INFO [2024-05-02 22:31:13] 
INFO [2024-05-02 22:31:13] $alpha
INFO [2024-05-02 22:31:13] [1] 0.5
INFO [2024-05-02 22:31:13] 
INFO [2024-05-02 22:31:13] $margin
INFO [2024-05-02 22:31:13] [1] 0.1
INFO [2024-05-02 22:31:13] 
INFO [2024-05-02 22:31:13] $fontfamily
INFO [2024-05-02 22:31:13] [1] "sans"
INFO [2024-05-02 22:31:13] 
INFO [2024-05-02 22:31:13] $fontface
INFO [2024-05-02 22:31:13] [1] "bold"
INFO [2024-05-02 22:31:13] 
INFO [2024-05-02 22:31:13] $cat.fontsize
INFO [2024-05-02 22:31:13] [1] 35
INFO [2024-05-02 22:31:13] 
INFO [2024-05-02 22:31:13] $cex
INFO [2024-05-02 22:31:13] [1] 1.5
INFO [2024-05-02 22:31:13] 
INFO [2024-05-02 22:31:13] $cat.cex
INFO [2024-05-02 22:31:13] [1] 2.5
INFO [2024-05-02 22:31:13] 
INFO [2024-05-02 22:31:13] $cat.fontfamily
INFO [2024-05-02 22:31:13] [1] "sans"
INFO [2024-05-02 22:31:13] 
INFO [2024-05-02 22:31:13] $cat.fontface
INFO [2024-05-02 22:31:13] [1] "bold"
INFO [2024-05-02 22:31:13] 
