INFO [2024-05-09 23:17:58] $x
INFO [2024-05-09 23:17:58] condition_lists
INFO [2024-05-09 23:17:58] 
INFO [2024-05-09 23:17:58] $category.names
INFO [2024-05-09 23:17:58] venn_bubble_names
INFO [2024-05-09 23:17:58] 
INFO [2024-05-09 23:17:58] $filename
INFO [2024-05-09 23:17:58] NULL
INFO [2024-05-09 23:17:58] 
INFO [2024-05-09 23:17:58] $col
INFO [2024-05-09 23:17:58] custom_palette
INFO [2024-05-09 23:17:58] 
INFO [2024-05-09 23:17:58] $fill
INFO [2024-05-09 23:17:58] custom_palette
INFO [2024-05-09 23:17:58] 
INFO [2024-05-09 23:17:58] $alpha
INFO [2024-05-09 23:17:58] [1] 0.5
INFO [2024-05-09 23:17:58] 
INFO [2024-05-09 23:17:58] $margin
INFO [2024-05-09 23:17:58] [1] 0.1
INFO [2024-05-09 23:17:58] 
INFO [2024-05-09 23:17:58] $fontfamily
INFO [2024-05-09 23:17:58] [1] "sans"
INFO [2024-05-09 23:17:58] 
INFO [2024-05-09 23:17:58] $fontface
INFO [2024-05-09 23:17:58] [1] "bold"
INFO [2024-05-09 23:17:58] 
INFO [2024-05-09 23:17:58] $cat.fontsize
INFO [2024-05-09 23:17:58] [1] 20
INFO [2024-05-09 23:17:58] 
INFO [2024-05-09 23:17:58] $cex
INFO [2024-05-09 23:17:58] [1] 2.5
INFO [2024-05-09 23:17:58] 
INFO [2024-05-09 23:17:58] $cat.cex
INFO [2024-05-09 23:17:58] [1] 2.5
INFO [2024-05-09 23:17:58] 
INFO [2024-05-09 23:17:58] $cat.fontfamily
INFO [2024-05-09 23:17:58] [1] "sans"
INFO [2024-05-09 23:17:58] 
INFO [2024-05-09 23:17:58] $cat.fontface
INFO [2024-05-09 23:17:58] [1] "bold"
INFO [2024-05-09 23:17:58] 
