INFO [2024-08-06 13:00:12] $x
INFO [2024-08-06 13:00:12] condition_lists
INFO [2024-08-06 13:00:12] 
INFO [2024-08-06 13:00:12] $category.names
INFO [2024-08-06 13:00:12] venn_bubble_names
INFO [2024-08-06 13:00:12] 
INFO [2024-08-06 13:00:12] $filename
INFO [2024-08-06 13:00:12] NULL
INFO [2024-08-06 13:00:12] 
INFO [2024-08-06 13:00:12] $col
INFO [2024-08-06 13:00:12] custom_palette
INFO [2024-08-06 13:00:12] 
INFO [2024-08-06 13:00:12] $fill
INFO [2024-08-06 13:00:12] custom_palette
INFO [2024-08-06 13:00:12] 
INFO [2024-08-06 13:00:12] $alpha
INFO [2024-08-06 13:00:12] [1] 0.5
INFO [2024-08-06 13:00:12] 
INFO [2024-08-06 13:00:12] $margin
INFO [2024-08-06 13:00:12] [1] 0.1
INFO [2024-08-06 13:00:12] 
INFO [2024-08-06 13:00:12] $fontfamily
INFO [2024-08-06 13:00:12] [1] "sans"
INFO [2024-08-06 13:00:12] 
INFO [2024-08-06 13:00:12] $fontface
INFO [2024-08-06 13:00:12] [1] "bold"
INFO [2024-08-06 13:00:12] 
INFO [2024-08-06 13:00:12] $cat.fontsize
INFO [2024-08-06 13:00:12] [1] 20
INFO [2024-08-06 13:00:12] 
INFO [2024-08-06 13:00:12] $cex
INFO [2024-08-06 13:00:12] [1] 2.5
INFO [2024-08-06 13:00:12] 
INFO [2024-08-06 13:00:12] $cat.cex
INFO [2024-08-06 13:00:12] [1] 2.5
INFO [2024-08-06 13:00:12] 
INFO [2024-08-06 13:00:12] $cat.fontfamily
INFO [2024-08-06 13:00:12] [1] "sans"
INFO [2024-08-06 13:00:12] 
INFO [2024-08-06 13:00:12] $cat.fontface
INFO [2024-08-06 13:00:12] [1] "bold"
INFO [2024-08-06 13:00:12] 
