INFO [2024-05-02 22:02:40] $x
INFO [2024-05-02 22:02:40] condition_lists
INFO [2024-05-02 22:02:40] 
INFO [2024-05-02 22:02:40] $category.names
INFO [2024-05-02 22:02:40] venn_bubble_names
INFO [2024-05-02 22:02:40] 
INFO [2024-05-02 22:02:40] $filename
INFO [2024-05-02 22:02:40] NULL
INFO [2024-05-02 22:02:40] 
INFO [2024-05-02 22:02:40] $col
INFO [2024-05-02 22:02:40] custom_palette
INFO [2024-05-02 22:02:40] 
INFO [2024-05-02 22:02:40] $fill
INFO [2024-05-02 22:02:40] custom_palette
INFO [2024-05-02 22:02:40] 
INFO [2024-05-02 22:02:40] $alpha
INFO [2024-05-02 22:02:40] [1] 0.5
INFO [2024-05-02 22:02:40] 
INFO [2024-05-02 22:02:40] $margin
INFO [2024-05-02 22:02:40] [1] 0.1
INFO [2024-05-02 22:02:40] 
INFO [2024-05-02 22:02:40] $fontfamily
INFO [2024-05-02 22:02:40] [1] "sans"
INFO [2024-05-02 22:02:40] 
INFO [2024-05-02 22:02:40] $fontface
INFO [2024-05-02 22:02:40] [1] "bold"
INFO [2024-05-02 22:02:40] 
INFO [2024-05-02 22:02:40] $cat.fontsize
INFO [2024-05-02 22:02:40] [1] 20
INFO [2024-05-02 22:02:40] 
INFO [2024-05-02 22:02:40] $cex
INFO [2024-05-02 22:02:40] [1] 1.5
INFO [2024-05-02 22:02:40] 
