INFO [2024-05-09 23:29:02] $x
INFO [2024-05-09 23:29:02] common_entries
INFO [2024-05-09 23:29:02] 
INFO [2024-05-09 23:29:02] $category.names
INFO [2024-05-09 23:29:02] venn_bubble_names
INFO [2024-05-09 23:29:02] 
INFO [2024-05-09 23:29:02] $filename
INFO [2024-05-09 23:29:02] NULL
INFO [2024-05-09 23:29:02] 
INFO [2024-05-09 23:29:02] $col
INFO [2024-05-09 23:29:02] custom_palette
INFO [2024-05-09 23:29:02] 
INFO [2024-05-09 23:29:02] $fill
INFO [2024-05-09 23:29:02] custom_palette
INFO [2024-05-09 23:29:02] 
INFO [2024-05-09 23:29:02] $alpha
INFO [2024-05-09 23:29:02] [1] 0.5
INFO [2024-05-09 23:29:02] 
INFO [2024-05-09 23:29:02] $margin
INFO [2024-05-09 23:29:02] [1] 0.1
INFO [2024-05-09 23:29:02] 
INFO [2024-05-09 23:29:02] $fontfamily
INFO [2024-05-09 23:29:02] [1] "sans"
INFO [2024-05-09 23:29:02] 
INFO [2024-05-09 23:29:02] $fontface
INFO [2024-05-09 23:29:02] [1] "bold"
INFO [2024-05-09 23:29:02] 
INFO [2024-05-09 23:29:02] $cat.fontsize
INFO [2024-05-09 23:29:02] [1] 20
INFO [2024-05-09 23:29:02] 
INFO [2024-05-09 23:29:02] $cex
INFO [2024-05-09 23:29:02] [1] 2.5
INFO [2024-05-09 23:29:02] 
INFO [2024-05-09 23:29:02] $cat.cex
INFO [2024-05-09 23:29:02] [1] 2.5
INFO [2024-05-09 23:29:02] 
INFO [2024-05-09 23:29:02] $cat.fontfamily
INFO [2024-05-09 23:29:02] [1] "sans"
INFO [2024-05-09 23:29:02] 
INFO [2024-05-09 23:29:02] $cat.fontface
INFO [2024-05-09 23:29:02] [1] "bold"
INFO [2024-05-09 23:29:02] 
ERROR [2024-05-09 23:29:02] NAs in dataset
