INFO [2024-05-02 22:23:15] $x
INFO [2024-05-02 22:23:15] condition_lists
INFO [2024-05-02 22:23:15] 
INFO [2024-05-02 22:23:15] $category.names
INFO [2024-05-02 22:23:15] venn_bubble_names
INFO [2024-05-02 22:23:15] 
INFO [2024-05-02 22:23:15] $filename
INFO [2024-05-02 22:23:15] NULL
INFO [2024-05-02 22:23:15] 
INFO [2024-05-02 22:23:15] $col
INFO [2024-05-02 22:23:15] custom_palette
INFO [2024-05-02 22:23:15] 
INFO [2024-05-02 22:23:15] $fill
INFO [2024-05-02 22:23:15] custom_palette
INFO [2024-05-02 22:23:15] 
INFO [2024-05-02 22:23:15] $alpha
INFO [2024-05-02 22:23:15] [1] 0.5
INFO [2024-05-02 22:23:15] 
INFO [2024-05-02 22:23:15] $margin
INFO [2024-05-02 22:23:15] [1] 0.1
INFO [2024-05-02 22:23:15] 
INFO [2024-05-02 22:23:15] $fontfamily
INFO [2024-05-02 22:23:15] [1] "sans"
INFO [2024-05-02 22:23:15] 
INFO [2024-05-02 22:23:15] $fontface
INFO [2024-05-02 22:23:15] [1] "bold"
INFO [2024-05-02 22:23:15] 
INFO [2024-05-02 22:23:15] $cat.fontsize
INFO [2024-05-02 22:23:15] [1] 24
INFO [2024-05-02 22:23:15] 
INFO [2024-05-02 22:23:15] $cex
INFO [2024-05-02 22:23:15] [1] 1.5
INFO [2024-05-02 22:23:15] 
INFO [2024-05-02 22:23:15] $cat.fontfamily
INFO [2024-05-02 22:23:15] [1] "sans"
INFO [2024-05-02 22:23:15] 
INFO [2024-05-02 22:23:15] $cat.fontface
INFO [2024-05-02 22:23:15] [1] "bold"
INFO [2024-05-02 22:23:15] 
