INFO [2024-05-03 01:14:00] $x
INFO [2024-05-03 01:14:00] condition_lists
INFO [2024-05-03 01:14:00] 
INFO [2024-05-03 01:14:00] $category.names
INFO [2024-05-03 01:14:00] venn_bubble_names
INFO [2024-05-03 01:14:00] 
INFO [2024-05-03 01:14:00] $filename
INFO [2024-05-03 01:14:00] NULL
INFO [2024-05-03 01:14:00] 
INFO [2024-05-03 01:14:00] $col
INFO [2024-05-03 01:14:00] custom_palette
INFO [2024-05-03 01:14:00] 
INFO [2024-05-03 01:14:00] $fill
INFO [2024-05-03 01:14:00] custom_palette
INFO [2024-05-03 01:14:00] 
INFO [2024-05-03 01:14:00] $alpha
INFO [2024-05-03 01:14:00] [1] 0.5
INFO [2024-05-03 01:14:00] 
INFO [2024-05-03 01:14:00] $margin
INFO [2024-05-03 01:14:00] [1] 0.1
INFO [2024-05-03 01:14:00] 
INFO [2024-05-03 01:14:00] $fontfamily
INFO [2024-05-03 01:14:00] [1] "sans"
INFO [2024-05-03 01:14:00] 
INFO [2024-05-03 01:14:00] $fontface
INFO [2024-05-03 01:14:00] [1] "bold"
INFO [2024-05-03 01:14:00] 
INFO [2024-05-03 01:14:00] $cat.fontsize
INFO [2024-05-03 01:14:00] [1] 35
INFO [2024-05-03 01:14:00] 
INFO [2024-05-03 01:14:00] $cex
INFO [2024-05-03 01:14:00] [1] 1.5
INFO [2024-05-03 01:14:00] 
INFO [2024-05-03 01:14:00] $cat.cex
INFO [2024-05-03 01:14:00] [1] 2.5
INFO [2024-05-03 01:14:00] 
INFO [2024-05-03 01:14:00] $cat.fontfamily
INFO [2024-05-03 01:14:00] [1] "sans"
INFO [2024-05-03 01:14:00] 
INFO [2024-05-03 01:14:00] $cat.fontface
INFO [2024-05-03 01:14:00] [1] "bold"
INFO [2024-05-03 01:14:00] 
