INFO [2024-05-02 21:38:38] $x
INFO [2024-05-02 21:38:38] condition_lists
INFO [2024-05-02 21:38:38] 
INFO [2024-05-02 21:38:38] $category.names
INFO [2024-05-02 21:38:38] venn_bubble_names
INFO [2024-05-02 21:38:38] 
INFO [2024-05-02 21:38:38] $filename
INFO [2024-05-02 21:38:38] NULL
INFO [2024-05-02 21:38:38] 
INFO [2024-05-02 21:38:38] $col
INFO [2024-05-02 21:38:38] condition_colors
INFO [2024-05-02 21:38:38] 
INFO [2024-05-02 21:38:38] $fill
INFO [2024-05-02 21:38:38] condition_colors
INFO [2024-05-02 21:38:38] 
INFO [2024-05-02 21:38:38] $alpha
INFO [2024-05-02 21:38:38] [1] 0.5
INFO [2024-05-02 21:38:38] 
INFO [2024-05-02 21:38:38] $margin
INFO [2024-05-02 21:38:38] [1] 0.1
INFO [2024-05-02 21:38:38] 
