INFO [2024-05-03 01:11:40] $x
INFO [2024-05-03 01:11:40] condition_lists
INFO [2024-05-03 01:11:40] 
INFO [2024-05-03 01:11:40] $category.names
INFO [2024-05-03 01:11:40] venn_bubble_names
INFO [2024-05-03 01:11:40] 
INFO [2024-05-03 01:11:40] $filename
INFO [2024-05-03 01:11:40] NULL
INFO [2024-05-03 01:11:40] 
INFO [2024-05-03 01:11:40] $col
INFO [2024-05-03 01:11:40] custom_palette
INFO [2024-05-03 01:11:40] 
INFO [2024-05-03 01:11:40] $fill
INFO [2024-05-03 01:11:40] custom_palette
INFO [2024-05-03 01:11:40] 
INFO [2024-05-03 01:11:40] $alpha
INFO [2024-05-03 01:11:40] [1] 0.5
INFO [2024-05-03 01:11:40] 
INFO [2024-05-03 01:11:40] $margin
INFO [2024-05-03 01:11:40] [1] 0.1
INFO [2024-05-03 01:11:40] 
INFO [2024-05-03 01:11:40] $fontfamily
INFO [2024-05-03 01:11:40] [1] "sans"
INFO [2024-05-03 01:11:40] 
INFO [2024-05-03 01:11:40] $fontface
INFO [2024-05-03 01:11:40] [1] "bold"
INFO [2024-05-03 01:11:40] 
INFO [2024-05-03 01:11:40] $cat.fontsize
INFO [2024-05-03 01:11:40] [1] 35
INFO [2024-05-03 01:11:40] 
INFO [2024-05-03 01:11:40] $cex
INFO [2024-05-03 01:11:40] [1] 1.5
INFO [2024-05-03 01:11:40] 
INFO [2024-05-03 01:11:40] $cat.cex
INFO [2024-05-03 01:11:40] [1] 2.5
INFO [2024-05-03 01:11:40] 
INFO [2024-05-03 01:11:40] $cat.fontfamily
INFO [2024-05-03 01:11:40] [1] "sans"
INFO [2024-05-03 01:11:40] 
INFO [2024-05-03 01:11:40] $cat.fontface
INFO [2024-05-03 01:11:40] [1] "bold"
INFO [2024-05-03 01:11:40] 
