INFO [2024-05-02 21:46:09] $x
INFO [2024-05-02 21:46:09] condition_lists
INFO [2024-05-02 21:46:09] 
INFO [2024-05-02 21:46:09] $category.names
INFO [2024-05-02 21:46:09] venn_bubble_names
INFO [2024-05-02 21:46:09] 
INFO [2024-05-02 21:46:09] $filename
INFO [2024-05-02 21:46:09] NULL
INFO [2024-05-02 21:46:09] 
INFO [2024-05-02 21:46:09] $col
INFO [2024-05-02 21:46:09] custom_palette
INFO [2024-05-02 21:46:09] 
INFO [2024-05-02 21:46:09] $fill
INFO [2024-05-02 21:46:09] custom_palette
INFO [2024-05-02 21:46:09] 
INFO [2024-05-02 21:46:09] $alpha
INFO [2024-05-02 21:46:09] [1] 0.5
INFO [2024-05-02 21:46:09] 
INFO [2024-05-02 21:46:09] $margin
INFO [2024-05-02 21:46:09] [1] 0.1
INFO [2024-05-02 21:46:09] 
INFO [2024-05-02 21:46:09] $fontfamily
INFO [2024-05-02 21:46:09] [1] "Helvetica"
INFO [2024-05-02 21:46:09] 
INFO [2024-05-02 21:46:09] $fontface
INFO [2024-05-02 21:46:09] [1] "bold"
INFO [2024-05-02 21:46:09] 
INFO [2024-05-02 21:46:09] $cat.fontsize
INFO [2024-05-02 21:46:09] [1] 20
INFO [2024-05-02 21:46:09] 
INFO [2024-05-02 21:46:09] $cex
INFO [2024-05-02 21:46:09] [1] 1.5
INFO [2024-05-02 21:46:09] 
INFO [2024-05-02 21:46:09] $cat.cex
INFO [2024-05-02 21:46:09] [1] 2
INFO [2024-05-02 21:46:09] 
INFO [2024-05-02 21:46:09] $cat.fontfamily
INFO [2024-05-02 21:46:09] [1] "Helvetica"
INFO [2024-05-02 21:46:09] 
