INFO [2024-05-09 23:38:14] $x
INFO [2024-05-09 23:38:14] condition_lists
INFO [2024-05-09 23:38:14] 
INFO [2024-05-09 23:38:14] $category.names
INFO [2024-05-09 23:38:14] venn_bubble_names
INFO [2024-05-09 23:38:14] 
INFO [2024-05-09 23:38:14] $filename
INFO [2024-05-09 23:38:14] NULL
INFO [2024-05-09 23:38:14] 
INFO [2024-05-09 23:38:14] $col
INFO [2024-05-09 23:38:14] custom_palette
INFO [2024-05-09 23:38:14] 
INFO [2024-05-09 23:38:14] $fill
INFO [2024-05-09 23:38:14] custom_palette
INFO [2024-05-09 23:38:14] 
INFO [2024-05-09 23:38:14] $alpha
INFO [2024-05-09 23:38:14] [1] 0.5
INFO [2024-05-09 23:38:14] 
INFO [2024-05-09 23:38:14] $margin
INFO [2024-05-09 23:38:14] [1] 0.1
INFO [2024-05-09 23:38:14] 
INFO [2024-05-09 23:38:14] $fontfamily
INFO [2024-05-09 23:38:14] [1] "sans"
INFO [2024-05-09 23:38:14] 
INFO [2024-05-09 23:38:14] $fontface
INFO [2024-05-09 23:38:14] [1] "bold"
INFO [2024-05-09 23:38:14] 
INFO [2024-05-09 23:38:14] $cat.fontsize
INFO [2024-05-09 23:38:14] [1] 20
INFO [2024-05-09 23:38:14] 
INFO [2024-05-09 23:38:14] $cex
INFO [2024-05-09 23:38:14] [1] 2.5
INFO [2024-05-09 23:38:14] 
INFO [2024-05-09 23:38:14] $cat.cex
INFO [2024-05-09 23:38:14] [1] 2.5
INFO [2024-05-09 23:38:14] 
INFO [2024-05-09 23:38:14] $cat.fontfamily
INFO [2024-05-09 23:38:14] [1] "sans"
INFO [2024-05-09 23:38:14] 
INFO [2024-05-09 23:38:14] $cat.fontface
INFO [2024-05-09 23:38:14] [1] "bold"
INFO [2024-05-09 23:38:14] 
