INFO [2024-05-02 21:59:42] $x
INFO [2024-05-02 21:59:42] condition_lists
INFO [2024-05-02 21:59:42] 
INFO [2024-05-02 21:59:42] $category.names
INFO [2024-05-02 21:59:42] venn_bubble_names
INFO [2024-05-02 21:59:42] 
INFO [2024-05-02 21:59:42] $filename
INFO [2024-05-02 21:59:42] NULL
INFO [2024-05-02 21:59:42] 
INFO [2024-05-02 21:59:42] $col
INFO [2024-05-02 21:59:42] custom_palette
INFO [2024-05-02 21:59:42] 
INFO [2024-05-02 21:59:42] $fill
INFO [2024-05-02 21:59:42] custom_palette
INFO [2024-05-02 21:59:42] 
INFO [2024-05-02 21:59:42] $alpha
INFO [2024-05-02 21:59:42] [1] 0.5
INFO [2024-05-02 21:59:42] 
INFO [2024-05-02 21:59:42] $margin
INFO [2024-05-02 21:59:42] [1] 0.1
INFO [2024-05-02 21:59:42] 
INFO [2024-05-02 21:59:42] $fontfamily
INFO [2024-05-02 21:59:42] [1] "Arial"
INFO [2024-05-02 21:59:42] 
INFO [2024-05-02 21:59:42] $fontface
INFO [2024-05-02 21:59:42] [1] "bold"
INFO [2024-05-02 21:59:42] 
INFO [2024-05-02 21:59:42] $cat.fontsize
INFO [2024-05-02 21:59:42] [1] 20
INFO [2024-05-02 21:59:42] 
INFO [2024-05-02 21:59:42] $cex
INFO [2024-05-02 21:59:42] [1] 1.5
INFO [2024-05-02 21:59:42] 
